# JRE version: Java(TM) SE Runtime Environment (8.0_101-b13) (build 1.8.0_101-b13)
# Java VM: Java HotSpot(TM) 64-Bit Server VM (25.101-b13 mixed mode windows-amd64 compressed oops)
Heap:
 PSYoungGen      total 12288K, used 12052K [0x000000076af00000, 0x000000076c180000, 0x00000007c0000000)
  eden space 9216K, 97% used [0x000000076af00000,0x000000076b7cc828,0x000000076b800000)
  from space 3072K, 99% used [0x000000076be80000,0x000000076c178bb8,0x000000076c180000)
  to   space 4096K, 0% used [0x000000076b980000,0x000000076b980000,0x000000076bd80000)
 ParOldGen       total 11264K, used 4989K [0x00000006c0c00000, 0x00000006c1700000, 0x000000076af00000)
  object space 11264K, 44% used [0x00000006c0c00000,0x00000006c10df450,0x00000006c1700000)
 Metaspace       used 8526K, capacity 9204K, committed 9472K, reserved 1058816K
  class space    used 994K, capacity 1008K, committed 1024K, reserved 1048576K
GC Heap History (10 events):
Event: 0.243 GC heap before
{Heap before GC invocations=3 (full 0):
 PSYoungGen      total 3584K, used 3552K [0x000000076af00000, 0x000000076b300000, 0x00000007c0000000)
  eden space 3072K, 100% used [0x000000076af00000,0x000000076b200000,0x000000076b200000)
  from space 512K, 93% used [0x000000076b280000,0x000000076b2f8020,0x000000076b300000)
  to   space 512K, 0% used [0x000000076b200000,0x000000076b200000,0x000000076b280000)
 ParOldGen       total 5632K, used 208K [0x00000006c0c00000, 0x00000006c1180000, 0x000000076af00000)
  object space 5632K, 3% used [0x00000006c0c00000,0x00000006c0c34010,0x00000006c1180000)
 Metaspace       used 5014K, capacity 6284K, committed 6656K, reserved 1056768K
  class space    used 613K, capacity 648K, committed 768K, reserved 1048576K
Event: 0.244 GC heap after
Heap after GC invocations=3 (full 0):
 PSYoungGen      total 3584K, used 480K [0x000000076af00000, 0x000000076b600000, 0x00000007c0000000)
  eden space 3072K, 0% used [0x000000076af00000,0x000000076af00000,0x000000076b200000)
  from space 512K, 93% used [0x000000076b200000,0x000000076b278010,0x000000076b280000)
  to   space 512K, 0% used [0x000000076b580000,0x000000076b580000,0x000000076b600000)
 ParOldGen       total 5632K, used 560K [0x00000006c0c00000, 0x00000006c1180000, 0x000000076af00000)
  object space 5632K, 9% used [0x00000006c0c00000,0x00000006c0c8c070,0x00000006c1180000)
 Metaspace       used 5014K, capacity 6284K, committed 6656K, reserved 1056768K
  class space    used 613K, capacity 648K, committed 768K, reserved 1048576K
}
Event: 0.324 GC heap before
{Heap before GC invocations=4 (full 0):
 PSYoungGen      total 3584K, used 3552K [0x000000076af00000, 0x000000076b600000, 0x00000007c0000000)
  eden space 3072K, 100% used [0x000000076af00000,0x000000076b200000,0x000000076b200000)
  from space 512K, 93% used [0x000000076b200000,0x000000076b278010,0x000000076b280000)
  to   space 512K, 0% used [0x000000076b580000,0x000000076b580000,0x000000076b600000)
 ParOldGen       total 5632K, used 560K [0x00000006c0c00000, 0x00000006c1180000, 0x000000076af00000)
  object space 5632K, 9% used [0x00000006c0c00000,0x00000006c0c8c070,0x00000006c1180000)
 Metaspace       used 6143K, capacity 7372K, committed 7552K, reserved 1056768K
  class space    used 764K, capacity 776K, committed 896K, reserved 1048576K
Event: 0.325 GC heap after
Heap after GC invocations=4 (full 0):
 PSYoungGen      total 6656K, used 480K [0x000000076af00000, 0x000000076b600000, 0x00000007c0000000)
  eden space 6144K, 0% used [0x000000076af00000,0x000000076af00000,0x000000076b500000)
  from space 512K, 93% used [0x000000076b580000,0x000000076b5f8010,0x000000076b600000)
  to   space 512K, 0% used [0x000000076b500000,0x000000076b500000,0x000000076b580000)
 ParOldGen       total 5632K, used 912K [0x00000006c0c00000, 0x00000006c1180000, 0x000000076af00000)
  object space 5632K, 16% used [0x00000006c0c00000,0x00000006c0ce4080,0x00000006c1180000)
 Metaspace       used 6143K, capacity 7372K, committed 7552K, reserved 1056768K
  class space    used 764K, capacity 776K, committed 896K, reserved 1048576K
}
Event: 0.440 GC heap before
{Heap before GC invocations=5 (full 0):
 PSYoungGen      total 6656K, used 6624K [0x000000076af00000, 0x000000076b600000, 0x00000007c0000000)
  eden space 6144K, 100% used [0x000000076af00000,0x000000076b500000,0x000000076b500000)
  from space 512K, 93% used [0x000000076b580000,0x000000076b5f8010,0x000000076b600000)
  to   space 512K, 0% used [0x000000076b500000,0x000000076b500000,0x000000076b580000)
 ParOldGen       total 5632K, used 912K [0x00000006c0c00000, 0x00000006c1180000, 0x000000076af00000)
  object space 5632K, 16% used [0x00000006c0c00000,0x00000006c0ce4080,0x00000006c1180000)
 Metaspace       used 7270K, capacity 8148K, committed 8448K, reserved 1056768K
  class space    used 882K, capacity 912K, committed 1024K, reserved 1048576K
Event: 0.443 GC heap after
Heap after GC invocations=5 (full 0):
 PSYoungGen      total 6656K, used 484K [0x000000076af00000, 0x000000076c200000, 0x00000007c0000000)
  eden space 6144K, 0% used [0x000000076af00000,0x000000076af00000,0x000000076b500000)
  from space 512K, 94% used [0x000000076b500000,0x000000076b579288,0x000000076b580000)
  to   space 3584K, 0% used [0x000000076be80000,0x000000076be80000,0x000000076c200000)
 ParOldGen       total 5632K, used 4636K [0x00000006c0c00000, 0x00000006c1180000, 0x000000076af00000)
  object space 5632K, 82% used [0x00000006c0c00000,0x00000006c1087020,0x00000006c1180000)
 Metaspace       used 7270K, capacity 8148K, committed 8448K, reserved 1056768K
  class space    used 882K, capacity 912K, committed 1024K, reserved 1048576K
}
Event: 0.443 GC heap before
{Heap before GC invocations=6 (full 1):
 PSYoungGen      total 6656K, used 484K [0x000000076af00000, 0x000000076c200000, 0x00000007c0000000)
  eden space 6144K, 0% used [0x000000076af00000,0x000000076af00000,0x000000076b500000)
  from space 512K, 94% used [0x000000076b500000,0x000000076b579288,0x000000076b580000)
  to   space 3584K, 0% used [0x000000076be80000,0x000000076be80000,0x000000076c200000)
 ParOldGen       total 5632K, used 4636K [0x00000006c0c00000, 0x00000006c1180000, 0x000000076af00000)
  object space 5632K, 82% used [0x00000006c0c00000,0x00000006c1087020,0x00000006c1180000)
 Metaspace       used 7270K, capacity 8148K, committed 8448K, reserved 1056768K
  class space    used 882K, capacity 912K, committed 1024K, reserved 1048576K
Event: 0.476 GC heap after
Heap after GC invocations=6 (full 1):
 PSYoungGen      total 6656K, used 0K [0x000000076af00000, 0x000000076c200000, 0x00000007c0000000)
  eden space 6144K, 0% used [0x000000076af00000,0x000000076af00000,0x000000076b500000)
  from space 512K, 0% used [0x000000076b500000,0x000000076b500000,0x000000076b580000)
  to   space 3584K, 0% used [0x000000076be80000,0x000000076be80000,0x000000076c200000)
 ParOldGen       total 11264K, used 4989K [0x00000006c0c00000, 0x00000006c1700000, 0x000000076af00000)
  object space 11264K, 44% used [0x00000006c0c00000,0x00000006c10df450,0x00000006c1700000)
 Metaspace       used 7270K, capacity 8148K, committed 8448K, reserved 1056768K
  class space    used 882K, capacity 912K, committed 1024K, reserved 1048576K
}
Event: 0.549 GC heap before
{Heap before GC invocations=7 (full 1):
 PSYoungGen      total 6656K, used 6144K [0x000000076af00000, 0x000000076c200000, 0x00000007c0000000)
  eden space 6144K, 100% used [0x000000076af00000,0x000000076b500000,0x000000076b500000)
  from space 512K, 0% used [0x000000076b500000,0x000000076b500000,0x000000076b580000)
  to   space 3584K, 0% used [0x000000076be80000,0x000000076be80000,0x000000076c200000)
 ParOldGen       total 11264K, used 4989K [0x00000006c0c00000, 0x00000006c1700000, 0x000000076af00000)
  object space 11264K, 44% used [0x00000006c0c00000,0x00000006c10df450,0x00000006c1700000)
 Metaspace       used 7416K, capacity 8244K, committed 8448K, reserved 1056768K
  class space    used 895K, capacity 944K, committed 1024K, reserved 1048576K
Event: 0.577 GC heap after
Heap after GC invocations=7 (full 1):
 PSYoungGen      total 12288K, used 3042K [0x000000076af00000, 0x000000076c180000, 0x00000007c0000000)
  eden space 9216K, 0% used [0x000000076af00000,0x000000076af00000,0x000000076b800000)
  from space 3072K, 99% used [0x000000076be80000,0x000000076c178bb8,0x000000076c180000)
  to   space 4096K, 0% used [0x000000076b980000,0x000000076b980000,0x000000076bd80000)
 ParOldGen       total 11264K, used 4989K [0x00000006c0c00000, 0x00000006c1700000, 0x000000076af00000)
  object space 11264K, 44% used [0x00000006c0c00000,0x00000006c10df450,0x00000006c1700000)
 Metaspace       used 7416K, capacity 8244K, committed 8448K, reserved 1056768K
  class space    used 895K, capacity 944K, committed 1024K, reserved 1048576K
}

